{
  "stats": {
    "suites": 1,
    "tests": 2,
    "passes": 1,
    "pending": 1,
    "failures": 0,
    "start": "2023-09-10T23:51:31.820Z",
    "end": "2023-09-10T23:51:53.073Z",
    "duration": 21253,
    "testsRegistered": 2,
    "passPercent": 100,
    "pendingPercent": 50,
    "other": 0,
    "hasOther": false,
    "skipped": 0,
    "hasSkipped": false
  },
  "results": [
    {
      "uuid": "5462e16f-4e1a-4d52-8d4f-09c47f8ccdc3",
      "title": "",
      "fullFile": "cypress\\integration\\examples\\shop.feature",
      "file": "cypress\\integration\\examples\\shop.feature",
      "beforeHooks": [],
      "afterHooks": [],
      "tests": [],
      "suites": [
        {
          "uuid": "fa01efca-4afb-45ef-9eb6-79a3ed16704e",
          "title": "Shop and Cart page",
          "fullFile": "",
          "file": "",
          "beforeHooks": [],
          "afterHooks": [],
          "tests": [
            {
              "title": "View cart and validate items in cart",
              "fullTitle": "Shop and Cart page View cart and validate items in cart",
              "timedOut": null,
              "duration": 60,
              "state": "pending",
              "speed": null,
              "pass": false,
              "fail": false,
              "pending": true,
              "context": null,
              "code": "// register this scenario with the cucumber data collector\n// but don't run it\n// Tell mocha this is a skipped test so it also shows correctly in Cypress\nconst state = window.testState;\ncy.then(() => state.onStartScenario(scenario, indexedSteps))\n  .then(() => state.onFinishScenario(scenario))\n  // eslint-disable-next-line func-names\n  .then(function () {\n    return this.skip();\n  });",
              "err": {},
              "uuid": "425842cc-6571-45ce-9277-8f0b338a9ba9",
              "parentUUID": "fa01efca-4afb-45ef-9eb6-79a3ed16704e",
              "isHook": false,
              "skipped": false
            },
            {
              "title": "Remove lowest value item and validate cart",
              "fullTitle": "Shop and Cart page Remove lowest value item and validate cart",
              "timedOut": null,
              "duration": 15806,
              "state": "passed",
              "speed": "slow",
              "pass": true,
              "fail": false,
              "pending": false,
              "context": null,
              "code": "const state = window.testState;\nreturn cy\n  .then(() => state.onStartScenario(scenario, indexedSteps))\n  .then(() =>\n    resolveAndRunBeforeHooks.call(this, scenario.tags, state.feature.name)\n  )\n  .then(() =>\n    indexedSteps.forEach((step) =>\n      stepTest.call(this, state, step, rowData)\n    )\n  )\n  .then(() => state.onFinishScenario(scenario));",
              "err": {},
              "uuid": "368de081-671d-40f5-8db8-0742c356c107",
              "parentUUID": "fa01efca-4afb-45ef-9eb6-79a3ed16704e",
              "isHook": false,
              "skipped": false
            }
          ],
          "suites": [],
          "passes": [
            "368de081-671d-40f5-8db8-0742c356c107"
          ],
          "failures": [],
          "pending": [
            "425842cc-6571-45ce-9277-8f0b338a9ba9"
          ],
          "skipped": [],
          "duration": 15866,
          "root": false,
          "rootEmpty": false,
          "_timeout": 2000
        }
      ],
      "passes": [],
      "failures": [],
      "pending": [],
      "skipped": [],
      "duration": 0,
      "root": true,
      "rootEmpty": true,
      "_timeout": 2000
    }
  ],
  "meta": {
    "mocha": {
      "version": "7.0.1"
    },
    "mochawesome": {
      "options": {
        "quiet": false,
        "reportFilename": "mochawesome",
        "saveHtml": true,
        "saveJson": true,
        "consoleReporter": "spec",
        "useInlineDiffs": false,
        "code": true
      },
      "version": "7.1.3"
    },
    "marge": {
      "options": {
        "reportDir": "cypress/results",
        "overwrite": true,
        "html": true,
        "json": true
      },
      "version": "6.2.0"
    }
  }
}